<?xml version="1.0" encoding="UTF-8"?>
<!-- Generated by org.testng.reporters.JUnitXMLReporter -->
<testsuite hostname="MACLTUS66713" name="ShopifyTests" tests="3" failures="0" timestamp="17 Mar 2021 14:14:50 GMT" time="9.56" errors="0">
  <testcase name="incomplete_form_issues_error" time="0.002" classname="seleniumgenc.SeleniumPracticeTekstacShopifyTests">
    <skipped/>
  </testcase> <!-- incomplete_form_issues_error -->
  <testcase name="shopifyRegisterFormContainsAllTextboxes" time="0.138" classname="seleniumgenc.SeleniumPracticeTekstacShopifyTests"/>
  <testcase name="submittingFormAddsInfoToBottomTable" time="0.0" classname="seleniumgenc.SeleniumPracticeTekstacShopifyTests">
    <skipped/>
  </testcase> <!-- submittingFormAddsInfoToBottomTable -->
</testsuite> <!-- ShopifyTests -->
